<?xml version="1.0" encoding="UTF-8"?>
<!-- Generated by org.testng.reporters.JUnitXMLReporter -->
<testsuite ignored="0" hostname="DESKTOP-95SWFH" failures="2" tests="4" name="Demo Test" time="314.81" errors="0" timestamp="04 Mar 2021 06:10:20 GMT">
  <testcase classname="com.testCases.Login_PageTest" name="Login_PageTest" time="15.092">
    <skipped/>
  </testcase> <!-- Login_PageTest -->
  <testcase classname="com.testCases.Login_PageTest" name="Login_PageTest" time="15.039">
    <failure type="java.lang.NullPointerException" message="Cannot invoke &amp;quot;org.openqa.selenium.WebElement.sendKeys(java.lang.CharSequence[])&amp;quot; because the return value of &amp;quot;com.pageObjects.LoginPage.getuserName()&amp;quot; is null">
      <![CDATA[java.lang.NullPointerException: Cannot invoke "org.openqa.selenium.WebElement.sendKeys(java.lang.CharSequence[])" because the return value of "com.pageObjects.LoginPage.getuserName()" is null
at com.pageObjects.LoginPage.Login(LoginPage.java:87)
at com.testCases.Login_PageTest.Login_PageTest(Login_PageTest.java:20)
... Removed 25 stack frames]]>
    </failure>
  </testcase> <!-- Login_PageTest -->
  <testcase classname="com.testCases.Login_PageTest2" name="Login_PageTest2" time="15.026">
    <skipped/>
  </testcase> <!-- Login_PageTest2 -->
  <testcase classname="com.testCases.Login_PageTest2" name="Login_PageTest2" time="15.061">
    <failure type="java.lang.NullPointerException" message="Cannot invoke &amp;quot;org.openqa.selenium.WebElement.sendKeys(java.lang.CharSequence[])&amp;quot; because the return value of &amp;quot;com.pageObjects.LoginPage.getuserName()&amp;quot; is null">
      <![CDATA[java.lang.NullPointerException: Cannot invoke "org.openqa.selenium.WebElement.sendKeys(java.lang.CharSequence[])" because the return value of "com.pageObjects.LoginPage.getuserName()" is null
at com.pageObjects.LoginPage.Login(LoginPage.java:87)
at com.testCases.Login_PageTest2.Login_PageTest2(Login_PageTest2.java:20)
... Removed 25 stack frames]]>
    </failure>
  </testcase> <!-- Login_PageTest2 -->
</testsuite> <!-- Demo Test -->
