<?xml version="1.0" encoding="UTF-8"?>
<!-- Generated by org.testng.reporters.JUnitXMLReporter -->
<testsuite ignored="0" hostname="NCSIN04K4GYP3C0" failures="2" tests="3" name="Demo Test 4" time="157.895" errors="0" timestamp="2023-08-02T09:58:29 IST">
  <testcase classname="com.ncs.advancedselenium.NetAporterWebsite.HMHomePageTest" name="f" time="0.01"/>
  <testcase classname="com.ncs.advancedselenium.NetAporterWebsite.HMHomePageTest" name="men_section_test" time="132.877">
    <failure type="org.openqa.selenium.ElementClickInterceptedException" message="element click intercepted: Element &amp;lt;button class=&amp;quot;button js-load-more &amp;quot; data-per-page=&amp;quot;36&amp;quot; data-tracking-json-template=&amp;quot;loadMorePLPTracking&amp;quot; data-tracking-type=&amp;quot;event&amp;quot; data-tracking-params=&amp;quot;LOAD_MORE_PRODUCTS|... button clicked|Product list interactions|Sport : Men : Viewall&amp;quot;&amp;gt;Load more products&amp;lt;/button&amp;gt; is not clickable at point (747, 533). Other element would receive the click: &amp;lt;ul class=&amp;quot;products-listing small&amp;quot;&amp;gt;...&amp;lt;/ul&amp;gt;
  (Session info: chrome=115.0.5790.110)
Build info: version: &amp;apos;3.12.0&amp;apos;, revision: &amp;apos;7c6e0b3&amp;apos;, time: &amp;apos;2018-05-08T14:04:26.12Z&amp;apos;
System info: host: &amp;apos;NCSIN04K4GYP3C0&amp;apos;, ip: &amp;apos;10.176.44.146&amp;apos;, os.name: &amp;apos;Windows 10&amp;apos;, os.arch: &amp;apos;amd64&amp;apos;, os.version: &amp;apos;10.0&amp;apos;, java.version: &amp;apos;17.0.7&amp;apos;
Driver info: org.openqa.selenium.chrome.ChromeDriver
Capabilities {acceptInsecureCerts: false, browserName: chrome, browserVersion: 115.0.5790.110, chrome: {chromedriverVersion: 114.0.5735.90 (386bc09e8f4f..., userDataDir: C:\Users\P1357937\AppData\L...}, goog:chromeOptions: {debuggerAddress: localhost:51804}, javascriptEnabled: true, networkConnectionEnabled: false, pageLoadStrategy: normal, platform: WINDOWS, platformName: WINDOWS, proxy: Proxy(), setWindowRect: true, strictFileInteractability: false, timeouts: {implicit: 0, pageLoad: 300000, script: 30000}, unhandledPromptBehavior: dismiss and notify, webauthn:extension:credBlob: true, webauthn:extension:largeBlob: true, webauthn:extension:minPinLength: true, webauthn:extension:prf: true, webauthn:virtualAuthenticators: true}
Session ID: 2ffd29a48e479b3e2e4d5555be6d0002">
      <![CDATA[org.openqa.selenium.ElementClickInterceptedException: element click intercepted: Element <button class="button js-load-more " data-per-page="36" data-tracking-json-template="loadMorePLPTracking" data-tracking-type="event" data-tracking-params="LOAD_MORE_PRODUCTS|... button clicked|Product list interactions|Sport : Men : Viewall">Load more products</button> is not clickable at point (747, 533). Other element would receive the click: <ul class="products-listing small">...</ul>
  (Session info: chrome=115.0.5790.110)
Build info: version: '3.12.0', revision: '7c6e0b3', time: '2018-05-08T14:04:26.12Z'
System info: host: 'NCSIN04K4GYP3C0', ip: '10.176.44.146', os.name: 'Windows 10', os.arch: 'amd64', os.version: '10.0', java.version: '17.0.7'
Driver info: org.openqa.selenium.chrome.ChromeDriver
Capabilities {acceptInsecureCerts: false, browserName: chrome, browserVersion: 115.0.5790.110, chrome: {chromedriverVersion: 114.0.5735.90 (386bc09e8f4f..., userDataDir: C:\Users\P1357937\AppData\L...}, goog:chromeOptions: {debuggerAddress: localhost:51804}, javascriptEnabled: true, networkConnectionEnabled: false, pageLoadStrategy: normal, platform: WINDOWS, platformName: WINDOWS, proxy: Proxy(), setWindowRect: true, strictFileInteractability: false, timeouts: {implicit: 0, pageLoad: 300000, script: 30000}, unhandledPromptBehavior: dismiss and notify, webauthn:extension:credBlob: true, webauthn:extension:largeBlob: true, webauthn:extension:minPinLength: true, webauthn:extension:prf: true, webauthn:virtualAuthenticators: true}
Session ID: 2ffd29a48e479b3e2e4d5555be6d0002
at org.openqa.selenium.remote.http.W3CHttpResponseCodec.createException(W3CHttpResponseCodec.java:187)
at org.openqa.selenium.remote.http.W3CHttpResponseCodec.decode(W3CHttpResponseCodec.java:122)
at org.openqa.selenium.remote.http.W3CHttpResponseCodec.decode(W3CHttpResponseCodec.java:49)
at org.openqa.selenium.remote.HttpCommandExecutor.execute(HttpCommandExecutor.java:158)
at org.openqa.selenium.remote.service.DriverCommandExecutor.execute(DriverCommandExecutor.java:83)
at org.openqa.selenium.remote.RemoteWebDriver.execute(RemoteWebDriver.java:543)
at org.openqa.selenium.remote.RemoteWebElement.execute(RemoteWebElement.java:276)
at org.openqa.selenium.remote.RemoteWebElement.click(RemoteWebElement.java:83)
at org.openqa.selenium.support.pagefactory.internal.LocatingElementHandler.invoke(LocatingElementHandler.java:51)
at jdk.proxy2/jdk.proxy2.$Proxy14.click(Unknown Source)
at com.advancedselenium.net_a_porter_website.pageobject.HMHomePage.getting_all_product_under_recomended_option(HMHomePage.java:136)
at com.ncs.advancedselenium.NetAporterWebsite.HMHomePageTest.men_section_test(HMHomePageTest.java:38)
at java.base/java.util.ArrayList.forEach(ArrayList.java:1511)
... Removed 36 stack frames]]>
    </failure>
  </testcase> <!-- men_section_test -->
  <testcase classname="com.ncs.advancedselenium.NetAporterWebsite.HMHomePageTest" name="men_section_test" time="144.722">
    <failure type="java.lang.NullPointerException" message="Cannot invoke &amp;quot;org.apache.poi.xssf.usermodel.XSSFCell.toString()&amp;quot; because the return value of &amp;quot;org.apache.poi.xssf.usermodel.XSSFRow.getCell(int)&amp;quot; is null">
      <![CDATA[java.lang.NullPointerException: Cannot invoke "org.apache.poi.xssf.usermodel.XSSFCell.toString()" because the return value of "org.apache.poi.xssf.usermodel.XSSFRow.getCell(int)" is null
at com.advance_selenium.net_a_porter_website.utilities.XLUtils.FetchExcelTestCaseData(XLUtils.java:338)
at com.advance_selenium.net_a_porter_website.utilities.Reporting.onTestFailure(Reporting.java:122)
at java.base/java.util.ArrayList.forEach(ArrayList.java:1511)
... Removed 24 stack frames]]>
    </failure>
  </testcase> <!-- men_section_test -->
</testsuite> <!-- Demo Test 4 -->
