<?xml version="1.0" encoding="UTF-8"?>
<!-- Generated by org.testng.reporters.JUnitXMLReporter -->
<testsuite ignored="0" hostname="NCSIN04K4GYP3C0" failures="0" tests="4" name="Default test" time="0.046" errors="0" timestamp="2023-07-18T11:33:47 IST">
  <testcase classname="com.advance_selenium.net_a_porter_website.base.BaseClass" name="@BeforeMethod setup" time="-1.689660227387E9">
    <failure type="org.testng.TestNGException" message="
Parameter &amp;apos;browser&amp;apos; is required by BeforeMethod on method setup but has not been marked @Optional or defined
in C:\Users\P1357937\AppData\Local\Temp\testng-eclipse-1571366506\testng-customsuite.xml">
      <![CDATA[org.testng.TestNGException: 
Parameter 'browser' is required by BeforeMethod on method setup but has not been marked @Optional or defined
in C:\Users\P1357937\AppData\Local\Temp\testng-eclipse-1571366506\testng-customsuite.xml
at org.testng.internal.Parameters.createParams(Parameters.java:270)
at org.testng.internal.Parameters.createParametersForMethod(Parameters.java:358)
at org.testng.internal.Parameters.createParameters(Parameters.java:700)
at org.testng.internal.Parameters.createConfigurationParameters(Parameters.java:168)
at org.testng.internal.ConfigInvoker.invokeConfigurations(ConfigInvoker.java:302)
at org.testng.internal.TestInvoker.runConfigMethods(TestInvoker.java:700)
at org.testng.internal.TestInvoker.invokeMethod(TestInvoker.java:527)
at org.testng.internal.TestInvoker.invokeTestMethod(TestInvoker.java:173)
at org.testng.internal.MethodRunner.runInSequence(MethodRunner.java:46)
at org.testng.internal.TestInvoker$MethodInvocationAgent.invoke(TestInvoker.java:824)
at org.testng.internal.TestInvoker.invokeTestMethods(TestInvoker.java:146)
at org.testng.internal.TestMethodWorker.invokeTestMethods(TestMethodWorker.java:146)
at org.testng.internal.TestMethodWorker.run(TestMethodWorker.java:128)
at java.base/java.util.ArrayList.forEach(ArrayList.java:1511)
at org.testng.TestRunner.privateRun(TestRunner.java:794)
at org.testng.TestRunner.run(TestRunner.java:596)
at org.testng.SuiteRunner.runTest(SuiteRunner.java:377)
at org.testng.SuiteRunner.runSequentially(SuiteRunner.java:371)
at org.testng.SuiteRunner.privateRun(SuiteRunner.java:332)
at org.testng.SuiteRunner.run(SuiteRunner.java:276)
at org.testng.SuiteRunnerWorker.runSuite(SuiteRunnerWorker.java:53)
at org.testng.SuiteRunnerWorker.run(SuiteRunnerWorker.java:96)
at org.testng.TestNG.runSuitesSequentially(TestNG.java:1212)
at org.testng.TestNG.runSuitesLocally(TestNG.java:1134)
at org.testng.TestNG.runSuites(TestNG.java:1063)
at org.testng.TestNG.run(TestNG.java:1031)
at org.testng.remote.AbstractRemoteTestNG.run(AbstractRemoteTestNG.java:115)
at org.testng.remote.RemoteTestNG.initAndRun(RemoteTestNG.java:251)
at org.testng.remote.RemoteTestNG.main(RemoteTestNG.java:77)
]]>
    </failure>
  </testcase> <!-- @BeforeMethod setup -->
  <testcase classname="com.advance_selenium.net_a_porter_website.base.BaseClass" name="@AfterMethod teardown" time="-1.689660227397E9">
    <skipped/>
  </testcase> <!-- @AfterMethod teardown -->
  <testcase classname="com.advance_selenium.net_a_porter_website.base.BaseClass" name="@BeforeMethod setup" time="-1.689660227399E9">
    <skipped/>
  </testcase> <!-- @BeforeMethod setup -->
  <testcase classname="com.advance_selenium.net_a_porter_website.base.BaseClass" name="@AfterMethod teardown" time="-1.689660227401E9">
    <skipped/>
  </testcase> <!-- @AfterMethod teardown -->
  <testcase classname="com.advance_selenium.net_a_porter_website.base.BaseClass" name="@BeforeMethod setup" time="-1.689660227402E9">
    <skipped/>
  </testcase> <!-- @BeforeMethod setup -->
  <testcase classname="com.advance_selenium.net_a_porter_website.base.BaseClass" name="@AfterMethod teardown" time="-1.689660227404E9">
    <skipped/>
  </testcase> <!-- @AfterMethod teardown -->
  <testcase classname="com.advance_selenium.net_a_porter_website.base.BaseClass" name="@BeforeMethod setup" time="-1.689660227405E9">
    <skipped/>
  </testcase> <!-- @BeforeMethod setup -->
  <testcase classname="com.advance_selenium.net_a_porter_website.base.BaseClass" name="@AfterMethod teardown" time="-1.689660227407E9">
    <skipped/>
  </testcase> <!-- @AfterMethod teardown -->
  <testcase classname="com.ncs.advancedselenium.NetAporterWebsite.NetAPorterAccountPageTest" name="invalid_birthday_date" time="0.0">
    <skipped/>
  </testcase> <!-- invalid_birthday_date -->
  <testcase classname="com.ncs.advancedselenium.NetAporterWebsite.NetAPorterAccountPageTest" name="invalid_email_field" time="0.0">
    <skipped/>
  </testcase> <!-- invalid_email_field -->
  <testcase classname="com.ncs.advancedselenium.NetAporterWebsite.NetAPorterAccountPageTest" name="invalid_password_field" time="0.0">
    <skipped/>
  </testcase> <!-- invalid_password_field -->
  <testcase classname="com.ncs.advancedselenium.NetAporterWebsite.NetAPorterAccountPageTest" name="validRegistration" time="0.0">
    <skipped/>
  </testcase> <!-- validRegistration -->
</testsuite> <!-- Default test -->
